<?xml version="1.0" encoding="UTF-8"?>
<testsuite xmlns:xsi="http://www.w3.org/2001/XMLSchema-instance" xsi:noNamespaceSchemaLocation="https://maven.apache.org/surefire/maven-surefire-plugin/xsd/surefire-test-report.xsd" name="devops.lab.alsab.AppTest" time="0.041" tests="1" errors="0" skipped="0" failures="0">
  <properties>
    <property name="sun.desktop" value="gnome"/>
    <property name="awt.toolkit" value="sun.awt.X11.XToolkit"/>
    <property name="file.encoding.pkg" value="sun.io"/>
    <property name="java.specification.version" value="1.8"/>
    <property name="sun.cpu.isalist" value=""/>
    <property name="sun.jnu.encoding" value="UTF-8"/>
    <property name="java.class.path" value="/mnt/work/Projects/EPAM/LAb/httpSrv/target/test-classes:/mnt/work/Projects/EPAM/LAb/httpSrv/target/classes:/home/ausard/.m2/repository/junit/junit/4.11/junit-4.11.jar:/home/ausard/.m2/repository/org/hamcrest/hamcrest-core/1.3/hamcrest-core-1.3.jar:/home/ausard/.m2/repository/org/apache/httpcomponents/httpclient/4.5.10/httpclient-4.5.10.jar:/home/ausard/.m2/repository/org/apache/httpcomponents/httpcore/4.4.12/httpcore-4.4.12.jar:/home/ausard/.m2/repository/commons-logging/commons-logging/1.2/commons-logging-1.2.jar:/home/ausard/.m2/repository/commons-codec/commons-codec/1.11/commons-codec-1.11.jar:/home/ausard/.m2/repository/com/github/pengrad/java-telegram-bot-api/4.4.0/java-telegram-bot-api-4.4.0.jar:/home/ausard/.m2/repository/com/google/code/gson/gson/2.8.5/gson-2.8.5.jar:/home/ausard/.m2/repository/com/squareup/okhttp3/okhttp/3.12.3/okhttp-3.12.3.jar:/home/ausard/.m2/repository/com/squareup/okio/okio/1.15.0/okio-1.15.0.jar:/home/ausard/.m2/repository/com/squareup/okhttp3/logging-interceptor/3.12.3/logging-interceptor-3.12.3.jar:"/>
    <property name="java.vm.vendor" value="Oracle Corporation"/>
    <property name="sun.arch.data.model" value="64"/>
    <property name="java.vendor.url" value="http://java.oracle.com/"/>
    <property name="user.timezone" value=""/>
    <property name="java.vm.specification.version" value="1.8"/>
    <property name="os.name" value="Linux"/>
    <property name="user.country" value="US"/>
    <property name="sun.java.launcher" value="SUN_STANDARD"/>
    <property name="sun.boot.library.path" value="/mnt/work/Programs/jdk1.8.0_201/jre/lib/amd64"/>
    <property name="sun.java.command" value="/mnt/work/Projects/EPAM/LAb/httpSrv/target/surefire/surefirebooter2503987244919317026.jar /mnt/work/Projects/EPAM/LAb/httpSrv/target/surefire 2019-12-02T13-43-44_709-jvmRun1 surefire8956366426237994267tmp surefire_03011275932837960617tmp"/>
    <property name="surefire.test.class.path" value="/mnt/work/Projects/EPAM/LAb/httpSrv/target/test-classes:/mnt/work/Projects/EPAM/LAb/httpSrv/target/classes:/home/ausard/.m2/repository/junit/junit/4.11/junit-4.11.jar:/home/ausard/.m2/repository/org/hamcrest/hamcrest-core/1.3/hamcrest-core-1.3.jar:/home/ausard/.m2/repository/org/apache/httpcomponents/httpclient/4.5.10/httpclient-4.5.10.jar:/home/ausard/.m2/repository/org/apache/httpcomponents/httpcore/4.4.12/httpcore-4.4.12.jar:/home/ausard/.m2/repository/commons-logging/commons-logging/1.2/commons-logging-1.2.jar:/home/ausard/.m2/repository/commons-codec/commons-codec/1.11/commons-codec-1.11.jar:/home/ausard/.m2/repository/com/github/pengrad/java-telegram-bot-api/4.4.0/java-telegram-bot-api-4.4.0.jar:/home/ausard/.m2/repository/com/google/code/gson/gson/2.8.5/gson-2.8.5.jar:/home/ausard/.m2/repository/com/squareup/okhttp3/okhttp/3.12.3/okhttp-3.12.3.jar:/home/ausard/.m2/repository/com/squareup/okio/okio/1.15.0/okio-1.15.0.jar:/home/ausard/.m2/repository/com/squareup/okhttp3/logging-interceptor/3.12.3/logging-interceptor-3.12.3.jar:"/>
    <property name="sun.cpu.endian" value="little"/>
    <property name="user.home" value="/home/ausard"/>
    <property name="user.language" value="en"/>
    <property name="java.specification.vendor" value="Oracle Corporation"/>
    <property name="java.home" value="/mnt/work/Programs/jdk1.8.0_201/jre"/>
    <property name="basedir" value="/mnt/work/Projects/EPAM/LAb/httpSrv"/>
    <property name="file.separator" value="/"/>
    <property name="line.separator" value="&#10;"/>
    <property name="java.vm.specification.vendor" value="Oracle Corporation"/>
    <property name="java.specification.name" value="Java Platform API Specification"/>
    <property name="java.awt.graphicsenv" value="sun.awt.X11GraphicsEnvironment"/>
    <property name="surefire.real.class.path" value="/mnt/work/Projects/EPAM/LAb/httpSrv/target/surefire/surefirebooter2503987244919317026.jar"/>
    <property name="sun.boot.class.path" value="/mnt/work/Programs/jdk1.8.0_201/jre/lib/resources.jar:/mnt/work/Programs/jdk1.8.0_201/jre/lib/rt.jar:/mnt/work/Programs/jdk1.8.0_201/jre/lib/sunrsasign.jar:/mnt/work/Programs/jdk1.8.0_201/jre/lib/jsse.jar:/mnt/work/Programs/jdk1.8.0_201/jre/lib/jce.jar:/mnt/work/Programs/jdk1.8.0_201/jre/lib/charsets.jar:/mnt/work/Programs/jdk1.8.0_201/jre/lib/jfr.jar:/mnt/work/Programs/jdk1.8.0_201/jre/classes"/>
    <property name="sun.management.compiler" value="HotSpot 64-Bit Tiered Compilers"/>
    <property name="java.runtime.version" value="1.8.0_201-b09"/>
    <property name="user.name" value="ausard"/>
    <property name="path.separator" value=":"/>
    <property name="os.version" value="4.15.0-70-generic"/>
    <property name="java.endorsed.dirs" value="/mnt/work/Programs/jdk1.8.0_201/jre/lib/endorsed"/>
    <property name="java.runtime.name" value="Java(TM) SE Runtime Environment"/>
    <property name="file.encoding" value="UTF-8"/>
    <property name="java.vm.name" value="Java HotSpot(TM) 64-Bit Server VM"/>
    <property name="localRepository" value="/home/ausard/.m2/repository"/>
    <property name="java.vendor.url.bug" value="http://bugreport.sun.com/bugreport/"/>
    <property name="java.io.tmpdir" value="/tmp"/>
    <property name="java.version" value="1.8.0_201"/>
    <property name="user.dir" value="/mnt/work/Projects/EPAM/LAb/httpSrv"/>
    <property name="os.arch" value="amd64"/>
    <property name="java.vm.specification.name" value="Java Virtual Machine Specification"/>
    <property name="java.awt.printerjob" value="sun.print.PSPrinterJob"/>
    <property name="sun.os.patch.level" value="unknown"/>
    <property name="java.library.path" value="/usr/java/packages/lib/amd64:/usr/lib64:/lib64:/lib:/usr/lib"/>
    <property name="java.vm.info" value="mixed mode"/>
    <property name="java.vendor" value="Oracle Corporation"/>
    <property name="java.vm.version" value="25.201-b09"/>
    <property name="idea.version2019.3" value="true"/>
    <property name="java.ext.dirs" value="/mnt/work/Programs/jdk1.8.0_201/jre/lib/ext:/usr/java/packages/lib/ext"/>
    <property name="sun.io.unicode.encoding" value="UnicodeLittle"/>
    <property name="java.class.version" value="52.0"/>
  </properties>
  <testcase name="shouldAnswerWithTrue" classname="devops.lab.alsab.AppTest" time="0.002"/>
</testsuite>